<?xml version="1.0" encoding="UTF-8"?>
<coverage generated="1735238968041" clover="3.2.0">
  <project timestamp="1735238968041" name="All files">
    <metrics statements="8" coveredstatements="6" conditionals="1" coveredconditionals="1" methods="3" coveredmethods="2" elements="12" coveredelements="9" complexity="0" loc="8" ncloc="8" packages="1" files="1" classes="1"/>
    <file name="index.ts" path="/Users/macbookair/Downloads/Docs/kadMap/KDE_interaction_library/src/auth/index.ts">
      <metrics statements="8" coveredstatements="6" conditionals="1" coveredconditionals="1" methods="3" coveredmethods="2"/>
      <line num="10" count="3" type="stmt"/>
      <line num="11" count="3" type="stmt"/>
      <line num="12" count="3" type="cond" truecount="1" falsecount="0"/>
      <line num="13" count="3" type="stmt"/>
      <line num="15" count="0" type="stmt"/>
      <line num="19" count="0" type="stmt"/>
      <line num="23" count="2" type="stmt"/>
      <line num="27" count="1" type="stmt"/>
    </file>
  </project>
</coverage>
